<?xml version="1.0" encoding="UTF-8"?>
<coverage generated="1619963931022" clover="3.2.0">
  <project timestamp="1619963931022" name="All files">
    <metrics statements="30" coveredstatements="29" conditionals="20" coveredconditionals="20" methods="9" coveredmethods="9" elements="59" coveredelements="58" complexity="0" loc="30" ncloc="30" packages="1" files="1" classes="1"/>
    <file name="index.ts" path="/Users/djain4/dev/oss/types-sync/src/index.ts">
      <metrics statements="30" coveredstatements="29" conditionals="20" coveredconditionals="20" methods="9" coveredmethods="9"/>
      <line num="1" count="1" type="stmt"/>
      <line num="2" count="1" type="stmt"/>
      <line num="3" count="1" type="stmt"/>
      <line num="7" count="1" type="stmt"/>
      <line num="9" count="1" type="stmt"/>
      <line num="13" count="10" type="stmt"/>
      <line num="14" count="9" type="cond" truecount="2" falsecount="0"/>
      <line num="17" count="1" type="stmt"/>
      <line num="18" count="1" type="stmt"/>
      <line num="19" count="1" type="stmt"/>
      <line num="20" count="1" type="stmt"/>
      <line num="22" count="0" type="stmt"/>
      <line num="26" count="1" type="stmt"/>
      <line num="27" count="34" type="stmt"/>
      <line num="30" count="9" type="stmt"/>
      <line num="31" count="9" type="cond" truecount="6" falsecount="0"/>
      <line num="32" count="9" type="cond" truecount="6" falsecount="0"/>
      <line num="33" count="9" type="cond" truecount="6" falsecount="0"/>
      <line num="35" count="9" type="stmt"/>
      <line num="37" count="9" type="stmt"/>
      <line num="39" count="9" type="stmt"/>
      <line num="40" count="12" type="stmt"/>
      <line num="43" count="9" type="stmt"/>
      <line num="45" count="12" type="stmt"/>
      <line num="47" count="9" type="stmt"/>
      <line num="49" count="9" type="stmt"/>
      <line num="51" count="9" type="stmt"/>
      <line num="53" count="9" type="stmt"/>
      <line num="59" count="1" type="stmt"/>
      <line num="61" count="1" type="stmt"/>
    </file>
  </project>
</coverage>
