{"/Users/djain4/dev/oss/types-sync/src/index.ts": {"path":"/Users/djain4/dev/oss/types-sync/src/index.ts","statementMap":{"0":{"start":{"line":1,"column":0},"end":{"line":1,"column":42}},"1":{"start":{"line":2,"column":0},"end":{"line":2,"column":46}},"2":{"start":{"line":3,"column":0},"end":{"line":3,"column":36}},"3":{"start":{"line":7,"column":28},"end":{"line":7,"column":97}},"4":{"start":{"line":59,"column":20},"end":{"line":59,"column":39}},"5":{"start":{"line":9,"column":45},"end":{"line":11,"column":null}},"6":{"start":{"line":13,"column":17},"end":{"line":24,"column":null}},"7":{"start":{"line":14,"column":2},"end":{"line":14,"column":45}},"8":{"start":{"line":14,"column":27},"end":{"line":14,"column":45}},"9":{"start":{"line":17,"column":21},"end":{"line":17,"column":null}},"10":{"start":{"line":17,"column":10},"end":{"line":17,"column":null}},"11":{"start":{"line":18,"column":17},"end":{"line":18,"column":null}},"12":{"start":{"line":18,"column":10},"end":{"line":18,"column":null}},"13":{"start":{"line":19,"column":4},"end":{"line":19,"column":22}},"14":{"start":{"line":20,"column":4},"end":{"line":20,"column":16}},"15":{"start":{"line":22,"column":4},"end":{"line":22,"column":null}},"16":{"start":{"line":26,"column":16},"end":{"line":28,"column":1}},"17":{"start":{"line":27,"column":2},"end":{"line":27,"column":66}},"18":{"start":{"line":27,"column":34},"end":{"line":27,"column":65}},"19":{"start":{"line":30,"column":18},"end":{"line":57,"column":2}},"20":{"start":{"line":30,"column":42},"end":{"line":57,"column":2}},"21":{"start":{"line":31,"column":8},"end":{"line":31,"column":null}},"22":{"start":{"line":32,"column":8},"end":{"line":32,"column":null}},"23":{"start":{"line":33,"column":8},"end":{"line":33,"column":null}},"24":{"start":{"line":35,"column":8},"end":{"line":35,"column":null}},"25":{"start":{"line":37,"column":8},"end":{"line":37,"column":null}},"26":{"start":{"line":39,"column":8},"end":{"line":41,"column":4}},"27":{"start":{"line":40,"column":9},"end":{"line":40,"column":null}},"28":{"start":{"line":43,"column":25},"end":{"line":43,"column":null}},"29":{"start":{"line":43,"column":8},"end":{"line":43,"column":null}},"30":{"start":{"line":45,"column":8},"end":{"line":45,"column":74}},"31":{"start":{"line":45,"column":52},"end":{"line":45,"column":63}},"32":{"start":{"line":47,"column":8},"end":{"line":47,"column":113}},"33":{"start":{"line":47,"column":98},"end":{"line":47,"column":112}},"34":{"start":{"line":49,"column":8},"end":{"line":49,"column":124}},"35":{"start":{"line":49,"column":109},"end":{"line":49,"column":123}},"36":{"start":{"line":51,"column":8},"end":{"line":51,"column":82}},"37":{"start":{"line":53,"column":2},"end":{"line":56,"column":null}},"38":{"start":{"line":59,"column":9},"end":{"line":59,"column":18}},"39":{"start":{"line":61,"column":0},"end":{"line":61,"column":25}}},"fnMap":{"0":{"name":"(anonymous_0)","decl":{"start":{"line":13,"column":17},"end":{"line":13,"column":null}},"loc":{"start":{"line":13,"column":17},"end":{"line":24,"column":null}}},"1":{"name":"(anonymous_3)","decl":{"start":{"line":26,"column":16},"end":{"line":26,"column":17}},"loc":{"start":{"line":26,"column":64},"end":{"line":28,"column":1}}},"2":{"name":"(anonymous_4)","decl":{"start":{"line":27,"column":23},"end":{"line":27,"column":30}},"loc":{"start":{"line":27,"column":30},"end":{"line":27,"column":35}}},"3":{"name":"(anonymous_5)","decl":{"start":{"line":30,"column":18},"end":{"line":30,"column":25}},"loc":{"start":{"line":30,"column":42},"end":{"line":57,"column":2}}},"4":{"name":"(anonymous_6)","decl":{"start":{"line":30,"column":42},"end":{"line":30,"column":null}},"loc":{"start":{"line":30,"column":42},"end":{"line":57,"column":2}}},"5":{"name":"(anonymous_8)","decl":{"start":{"line":40,"column":4},"end":{"line":40,"column":5}},"loc":{"start":{"line":40,"column":5},"end":{"line":40,"column":10}}},"6":{"name":"(anonymous_9)","decl":{"start":{"line":45,"column":47},"end":{"line":45,"column":48}},"loc":{"start":{"line":45,"column":48},"end":{"line":45,"column":53}}},"7":{"name":"(anonymous_10)","decl":{"start":{"line":47,"column":93},"end":{"line":47,"column":94}},"loc":{"start":{"line":47,"column":94},"end":{"line":47,"column":108}}},"8":{"name":"(anonymous_11)","decl":{"start":{"line":49,"column":104},"end":{"line":49,"column":105}},"loc":{"start":{"line":49,"column":105},"end":{"line":49,"column":119}}}},"branchMap":{"0":{"loc":{"start":{"line":14,"column":2},"end":{"line":14,"column":45}},"type":"if","locations":[{"start":{"line":14,"column":2},"end":{"line":14,"column":45}},{"start":{"line":14,"column":2},"end":{"line":14,"column":45}}]},"1":{"loc":{"start":{"line":31,"column":23},"end":{"line":31,"column":44}},"type":"binary-expr","locations":[{"start":{"line":31,"column":23},"end":{"line":31,"column":44}},{"start":{"line":31,"column":48},"end":{"line":31,"column":50}}]},"2":{"loc":{"start":{"line":31,"column":30},"end":{"line":31,"column":32}},"type":"cond-expr","locations":[{"start":{"line":31,"column":30},"end":{"line":31,"column":32}},{"start":{"line":31,"column":23},"end":{"line":31,"column":44}}]},"3":{"loc":{"start":{"line":31,"column":23},"end":{"line":31,"column":32}},"type":"binary-expr","locations":[{"start":{"line":31,"column":23},"end":{"line":31,"column":32}},{"start":{"line":31,"column":23},"end":{"line":31,"column":32}}]},"4":{"loc":{"start":{"line":32,"column":26},"end":{"line":32,"column":50}},"type":"binary-expr","locations":[{"start":{"line":32,"column":26},"end":{"line":32,"column":50}},{"start":{"line":32,"column":54},"end":{"line":32,"column":56}}]},"5":{"loc":{"start":{"line":32,"column":33},"end":{"line":32,"column":35}},"type":"cond-expr","locations":[{"start":{"line":32,"column":33},"end":{"line":32,"column":35}},{"start":{"line":32,"column":26},"end":{"line":32,"column":50}}]},"6":{"loc":{"start":{"line":32,"column":26},"end":{"line":32,"column":35}},"type":"binary-expr","locations":[{"start":{"line":32,"column":26},"end":{"line":32,"column":35}},{"start":{"line":32,"column":26},"end":{"line":32,"column":35}}]},"7":{"loc":{"start":{"line":33,"column":18},"end":{"line":33,"column":33}},"type":"binary-expr","locations":[{"start":{"line":33,"column":18},"end":{"line":33,"column":33}},{"start":{"line":33,"column":37},"end":{"line":33,"column":39}}]},"8":{"loc":{"start":{"line":33,"column":25},"end":{"line":33,"column":27}},"type":"cond-expr","locations":[{"start":{"line":33,"column":25},"end":{"line":33,"column":27}},{"start":{"line":33,"column":18},"end":{"line":33,"column":33}}]},"9":{"loc":{"start":{"line":33,"column":18},"end":{"line":33,"column":27}},"type":"binary-expr","locations":[{"start":{"line":33,"column":18},"end":{"line":33,"column":27}},{"start":{"line":33,"column":18},"end":{"line":33,"column":27}}]}},"s":{"0":1,"1":1,"2":1,"3":1,"4":1,"5":1,"6":10,"7":9,"8":8,"9":1,"10":1,"11":1,"12":1,"13":1,"14":1,"15":0,"16":1,"17":18,"18":34,"19":1,"20":9,"21":9,"22":9,"23":9,"24":9,"25":9,"26":9,"27":12,"28":9,"29":9,"30":9,"31":12,"32":9,"33":6,"34":9,"35":9,"36":9,"37":9,"38":1,"39":1},"f":{"0":18,"1":18,"2":34,"3":9,"4":9,"5":12,"6":12,"7":6,"8":9},"b":{"0":[8,1],"1":[9,1],"2":[1,8],"3":[9,9],"4":[9,3],"5":[1,8],"6":[9,9],"7":[9,7],"8":[1,8],"9":[9,9]}}
}
