TN:
SF:src/index.ts
FN:13,(anonymous_0)
FN:26,(anonymous_3)
FN:27,(anonymous_4)
FN:30,(anonymous_5)
FN:30,(anonymous_6)
FN:40,(anonymous_8)
FN:45,(anonymous_9)
FN:47,(anonymous_10)
FN:49,(anonymous_11)
FNF:9
FNH:9
FNDA:18,(anonymous_0)
FNDA:18,(anonymous_3)
FNDA:34,(anonymous_4)
FNDA:9,(anonymous_5)
FNDA:9,(anonymous_6)
FNDA:12,(anonymous_8)
FNDA:12,(anonymous_9)
FNDA:6,(anonymous_10)
FNDA:9,(anonymous_11)
DA:1,1
DA:2,1
DA:3,1
DA:7,1
DA:9,1
DA:13,10
DA:14,9
DA:17,1
DA:18,1
DA:19,1
DA:20,1
DA:22,0
DA:26,1
DA:27,34
DA:30,9
DA:31,9
DA:32,9
DA:33,9
DA:35,9
DA:37,9
DA:39,9
DA:40,12
DA:43,9
DA:45,12
DA:47,9
DA:49,9
DA:51,9
DA:53,9
DA:59,1
DA:61,1
LF:30
LH:29
BRDA:14,0,0,8
BRDA:14,0,1,1
BRDA:31,1,0,9
BRDA:31,1,1,1
BRDA:31,2,0,1
BRDA:31,2,1,8
BRDA:31,3,0,9
BRDA:31,3,1,9
BRDA:32,4,0,9
BRDA:32,4,1,3
BRDA:32,5,0,1
BRDA:32,5,1,8
BRDA:32,6,0,9
BRDA:32,6,1,9
BRDA:33,7,0,9
BRDA:33,7,1,7
BRDA:33,8,0,1
BRDA:33,8,1,8
BRDA:33,9,0,9
BRDA:33,9,1,9
BRF:20
BRH:20
end_of_record
